Traceback (most recent call last):
  File "/opt/anaconda3/lib/python3.8/site-packages/jupyter_cache/executors/utils.py", line 51, in single_nb_execution
    executenb(
  File "/opt/anaconda3/lib/python3.8/site-packages/nbclient/client.py", line 1087, in execute
    return NotebookClient(nb=nb, resources=resources, km=km, **kwargs).execute()
  File "/opt/anaconda3/lib/python3.8/site-packages/nbclient/util.py", line 74, in wrapped
    return just_run(coro(*args, **kwargs))
  File "/opt/anaconda3/lib/python3.8/site-packages/nbclient/util.py", line 53, in just_run
    return loop.run_until_complete(coro)
  File "/opt/anaconda3/lib/python3.8/asyncio/base_events.py", line 616, in run_until_complete
    return future.result()
  File "/opt/anaconda3/lib/python3.8/site-packages/nbclient/client.py", line 540, in async_execute
    await self.async_execute_cell(
  File "/opt/anaconda3/lib/python3.8/site-packages/nbclient/client.py", line 832, in async_execute_cell
    self._check_raise_for_error(cell, exec_reply)
  File "/opt/anaconda3/lib/python3.8/site-packages/nbclient/client.py", line 740, in _check_raise_for_error
    raise CellExecutionError.from_cell_and_msg(cell, exec_reply['content'])
nbclient.exceptions.CellExecutionError: An error occurred while executing the following cell:
------------------
#For each file in the current directory
for file in os.listdir(cwd):
    #If it ends with .txt
    if file.endswith('.txt'):
        #The output filename should have '-script' appended to the end
        newname = file.replace('.txt', '-script.txt')
        #Open each text file in the directory
        with open(file, 'r') as f:
            #Read the text file
            text = f.read()
            #Replace various punctuation marks with nothing (i.e. delete them)
            #Modify this list as needed based on your text
            text = text.replace(",", "")
            text = text.replace('“', "")
            text = text.replace('”', "")
            text = text.replace("’", "'")
            text = text.replace("(", "")
            text = text.replace(")", "")
            text = text.replace("—", " ")
            text = text.replace("…", " ")
            text = text.replace("-", "")
            text = text.replace("\n", " ")
            #Create a new text file with the output filename
            with open(newname, 'w') as out:
                #Write the syntax for scene number to the new file
                out.write('SCENE_NUMBER<<1>>')
                out.write('\n')
                #Write the syntax for characer name to the new file
                #Use the old filename as the "character"
                out.write('CHARACTER_NAME<<')
                out.write(file)
                out.write('>>')
                out.write('\n')
                #Write the "line", which is the whole text file
                out.write('LINE<<')
                out.write(text)
                out.write('>>')
------------------

[0;31m---------------------------------------------------------------------------[0m
[0;31mOSError[0m                                   Traceback (most recent call last)
[0;32m<ipython-input-2-9c9f1526596e>[0m in [0;36m<module>[0;34m[0m
[1;32m     22[0m             [0mtext[0m [0;34m=[0m [0mtext[0m[0;34m.[0m[0mreplace[0m[0;34m([0m[0;34m"\n"[0m[0;34m,[0m [0;34m" "[0m[0;34m)[0m[0;34m[0m[0;34m[0m[0m
[1;32m     23[0m             [0;31m#Create a new text file with the output filename[0m[0;34m[0m[0;34m[0m[0;34m[0m[0m
[0;32m---> 24[0;31m             [0;32mwith[0m [0mopen[0m[0;34m([0m[0mnewname[0m[0;34m,[0m [0;34m'w'[0m[0;34m)[0m [0;32mas[0m [0mout[0m[0;34m:[0m[0;34m[0m[0;34m[0m[0m
[0m[1;32m     25[0m                 [0;31m#Write the syntax for scene number to the new file[0m[0;34m[0m[0;34m[0m[0;34m[0m[0m
[1;32m     26[0m                 [0mout[0m[0;34m.[0m[0mwrite[0m[0;34m([0m[0;34m'SCENE_NUMBER<<1>>'[0m[0;34m)[0m[0;34m[0m[0;34m[0m[0m

[0;31mOSError[0m: [Errno 63] File name too long: 'm26c_dawn_schafer_undercover_babysitter-script-script-script-script-script-script-script-script-script-script-script-script-script-script-script-script-script-script-script-script-script-script-script-script-script-script-script-script-script-script-script.txt'
OSError: [Errno 63] File name too long: 'm26c_dawn_schafer_undercover_babysitter-script-script-script-script-script-script-script-script-script-script-script-script-script-script-script-script-script-script-script-script-script-script-script-script-script-script-script-script-script-script-script.txt'

